c:\users\jkell\desktop\soft351\flying thing [oop]\debug\flying thing.pch
c:\users\jkell\desktop\soft351\flying thing [oop]\debug\vc140.pdb
c:\users\jkell\desktop\soft351\flying thing [oop]\debug\vc140.idb
c:\users\jkell\desktop\soft351\flying thing [oop]\debug\dxut.obj
c:\users\jkell\desktop\soft351\flying thing [oop]\debug\basichlsl9.obj
c:\users\jkell\desktop\soft351\flying thing [oop]\debug\flying thing.obj
c:\users\jkell\desktop\soft351\flying thing [oop]\debug\thing3d.obj
c:\users\jkell\desktop\soft351\flying thing [oop]\debug\sdkmisc.obj
c:\users\jkell\desktop\soft351\flying thing [oop]\debug\sdkmesh.obj
c:\users\jkell\desktop\soft351\flying thing [oop]\debug\dxutsettingsdlg.obj
c:\users\jkell\desktop\soft351\flying thing [oop]\debug\dxutres.obj
c:\users\jkell\desktop\soft351\flying thing [oop]\debug\dxutgui.obj
c:\users\jkell\desktop\soft351\flying thing [oop]\debug\dxutcamera.obj
c:\users\jkell\desktop\soft351\flying thing [oop]\debug\dxutmisc.obj
c:\users\jkell\desktop\soft351\flying thing [oop]\debug\dxutdevice9.obj
c:\users\jkell\desktop\soft351\flying thing [oop]\debug\dxutdevice11.obj
c:\users\jkell\desktop\soft351\flying thing [oop]\debug\bear.obj
c:\users\jkell\desktop\soft351\flying thing [oop]\debug\flying thing.ilk
c:\users\jkell\desktop\soft351\flying thing [oop]\debug\flying thing.exe
c:\users\jkell\desktop\soft351\flying thing [oop]\debug\flying thing.pdb
c:\users\jkell\desktop\soft351\flying thing [oop]\debug\tutorial 09 - meshes using dxut helper classes.res
c:\users\jkell\desktop\soft351\flying thing [oop]\debug\flying thing.tlog\cl.command.1.tlog
c:\users\jkell\desktop\soft351\flying thing [oop]\debug\flying thing.tlog\cl.read.1.tlog
c:\users\jkell\desktop\soft351\flying thing [oop]\debug\flying thing.tlog\cl.write.1.tlog
c:\users\jkell\desktop\soft351\flying thing [oop]\debug\flying thing.tlog\link.command.1.tlog
c:\users\jkell\desktop\soft351\flying thing [oop]\debug\flying thing.tlog\link.read.1.tlog
c:\users\jkell\desktop\soft351\flying thing [oop]\debug\flying thing.tlog\link.write.1.tlog
c:\users\jkell\desktop\soft351\flying thing [oop]\debug\flying thing.tlog\rc.command.1.tlog
c:\users\jkell\desktop\soft351\flying thing [oop]\debug\flying thing.tlog\rc.read.1.tlog
c:\users\jkell\desktop\soft351\flying thing [oop]\debug\flying thing.tlog\rc.write.1.tlog
