c:\users\jkell\desktop\coursework\coursework 2\boids\x64\debug\boids.pch
c:\users\jkell\desktop\coursework\coursework 2\boids\x64\debug\vc140.pdb
c:\users\jkell\desktop\coursework\coursework 2\boids\x64\debug\dxut.obj
c:\users\jkell\desktop\coursework\coursework 2\boids\x64\debug\basichlsl9.obj
c:\users\jkell\desktop\coursework\coursework 2\boids\x64\debug\thing3d.obj
c:\users\jkell\desktop\coursework\coursework 2\boids\x64\debug\sdkmisc.obj
c:\users\jkell\desktop\coursework\coursework 2\boids\x64\debug\sdkmesh.obj
c:\users\jkell\desktop\coursework\coursework 2\boids\x64\debug\dxutsettingsdlg.obj
c:\users\jkell\desktop\coursework\coursework 2\boids\x64\debug\dxutres.obj
c:\users\jkell\desktop\coursework\coursework 2\boids\x64\debug\dxutgui.obj
c:\users\jkell\desktop\coursework\coursework 2\boids\x64\debug\dxutcamera.obj
c:\users\jkell\desktop\coursework\coursework 2\boids\x64\debug\dxutmisc.obj
c:\users\jkell\desktop\coursework\coursework 2\boids\x64\debug\dxutdevice9.obj
c:\users\jkell\desktop\coursework\coursework 2\boids\x64\debug\dxutdevice11.obj
c:\users\jkell\desktop\coursework\coursework 2\boids\x64\debug\boid.obj
c:\users\jkell\desktop\coursework\coursework 2\boids\x64\debug\bear.obj
c:\users\jkell\desktop\coursework\coursework 2\boids\x64\debug\boids.obj
c:\users\jkell\desktop\coursework\coursework 2\boids\x64\debug\boids.ilk
c:\users\jkell\desktop\coursework\coursework 2\boids\x64\debug\boids.exe
c:\users\jkell\desktop\coursework\coursework 2\boids\x64\debug\boids.pdb
c:\users\jkell\desktop\coursework\coursework 2\boids\x64\debug\tutorial 09 - meshes using dxut helper classes.res
c:\users\jkell\desktop\coursework\coursework 2\boids\x64\debug\boids.tlog\cl.command.1.tlog
c:\users\jkell\desktop\coursework\coursework 2\boids\x64\debug\boids.tlog\cl.read.1.tlog
c:\users\jkell\desktop\coursework\coursework 2\boids\x64\debug\boids.tlog\cl.write.1.tlog
c:\users\jkell\desktop\coursework\coursework 2\boids\x64\debug\boids.tlog\link.command.1.tlog
c:\users\jkell\desktop\coursework\coursework 2\boids\x64\debug\boids.tlog\link.read.1.tlog
c:\users\jkell\desktop\coursework\coursework 2\boids\x64\debug\boids.tlog\link.write.1.tlog
c:\users\jkell\desktop\coursework\coursework 2\boids\x64\debug\boids.tlog\rc.command.1.tlog
c:\users\jkell\desktop\coursework\coursework 2\boids\x64\debug\boids.tlog\rc.read.1.tlog
c:\users\jkell\desktop\coursework\coursework 2\boids\x64\debug\boids.tlog\rc.write.1.tlog
