c:\users\jkellaway\documents\github\soft351\flying thing\debug\flying thing.pch
c:\users\jkellaway\documents\github\soft351\flying thing\debug\vc140.pdb
c:\users\jkellaway\documents\github\soft351\flying thing\debug\vc140.idb
c:\users\jkellaway\documents\github\soft351\flying thing\debug\dxut.obj
c:\users\jkellaway\documents\github\soft351\flying thing\debug\basichlsl9.obj
c:\users\jkellaway\documents\github\soft351\flying thing\debug\flying thing.obj
c:\users\jkellaway\documents\github\soft351\flying thing\debug\thing3d.obj
c:\users\jkellaway\documents\github\soft351\flying thing\debug\sdkmisc.obj
c:\users\jkellaway\documents\github\soft351\flying thing\debug\sdkmesh.obj
c:\users\jkellaway\documents\github\soft351\flying thing\debug\dxutsettingsdlg.obj
c:\users\jkellaway\documents\github\soft351\flying thing\debug\dxutres.obj
c:\users\jkellaway\documents\github\soft351\flying thing\debug\dxutgui.obj
c:\users\jkellaway\documents\github\soft351\flying thing\debug\dxutcamera.obj
c:\users\jkellaway\documents\github\soft351\flying thing\debug\dxutmisc.obj
c:\users\jkellaway\documents\github\soft351\flying thing\debug\dxutdevice9.obj
c:\users\jkellaway\documents\github\soft351\flying thing\debug\dxutdevice11.obj
c:\users\jkellaway\documents\github\soft351\flying thing\debug\bear.obj
c:\users\jkellaway\documents\github\soft351\flying thing\debug\flying thing.ilk
c:\users\jkellaway\documents\github\soft351\flying thing\debug\flying thing.exe
c:\users\jkellaway\documents\github\soft351\flying thing\debug\flying thing.pdb
c:\users\jkellaway\documents\github\soft351\flying thing\debug\tutorial 09 - meshes using dxut helper classes.res
c:\users\jkellaway\documents\github\soft351\flying thing\debug\flying thing.tlog\cl.command.1.tlog
c:\users\jkellaway\documents\github\soft351\flying thing\debug\flying thing.tlog\cl.read.1.tlog
c:\users\jkellaway\documents\github\soft351\flying thing\debug\flying thing.tlog\cl.write.1.tlog
c:\users\jkellaway\documents\github\soft351\flying thing\debug\flying thing.tlog\link.command.1.tlog
c:\users\jkellaway\documents\github\soft351\flying thing\debug\flying thing.tlog\link.read.1.tlog
c:\users\jkellaway\documents\github\soft351\flying thing\debug\flying thing.tlog\link.write.1.tlog
c:\users\jkellaway\documents\github\soft351\flying thing\debug\flying thing.tlog\rc.command.1.tlog
c:\users\jkellaway\documents\github\soft351\flying thing\debug\flying thing.tlog\rc.read.1.tlog
c:\users\jkellaway\documents\github\soft351\flying thing\debug\flying thing.tlog\rc.write.1.tlog
