c:\users\jkellaway\desktop\coursework\soft351\flying thing\debug\tutorial 09 - meshes using dxut helper classes.pch
c:\users\jkellaway\desktop\coursework\soft351\flying thing\debug\vc140.pdb
c:\users\jkellaway\desktop\coursework\soft351\flying thing\debug\vc140.idb
c:\users\jkellaway\desktop\coursework\soft351\flying thing\debug\dxut.obj
c:\users\jkellaway\desktop\coursework\soft351\flying thing\debug\basichlsl9.obj
c:\users\jkellaway\desktop\coursework\soft351\flying thing\debug\tutorial 09 - meshes using dxut helper classes.obj
c:\users\jkellaway\desktop\coursework\soft351\flying thing\debug\sdkmisc.obj
c:\users\jkellaway\desktop\coursework\soft351\flying thing\debug\sdkmesh.obj
c:\users\jkellaway\desktop\coursework\soft351\flying thing\debug\dxutsettingsdlg.obj
c:\users\jkellaway\desktop\coursework\soft351\flying thing\debug\dxutres.obj
c:\users\jkellaway\desktop\coursework\soft351\flying thing\debug\dxutgui.obj
c:\users\jkellaway\desktop\coursework\soft351\flying thing\debug\dxutcamera.obj
c:\users\jkellaway\desktop\coursework\soft351\flying thing\debug\dxutmisc.obj
c:\users\jkellaway\desktop\coursework\soft351\flying thing\debug\dxutdevice9.obj
c:\users\jkellaway\desktop\coursework\soft351\flying thing\debug\dxutdevice11.obj
c:\users\jkellaway\desktop\coursework\soft351\flying thing\debug\tutorial 09 - meshes using dxut helper classes.ilk
c:\users\jkellaway\desktop\coursework\soft351\flying thing\debug\tutorial 09 - meshes using dxut helper classes.exe
c:\users\jkellaway\desktop\coursework\soft351\flying thing\debug\tutorial 09 - meshes using dxut helper classes.pdb
c:\users\jkellaway\desktop\coursework\soft351\flying thing\debug\tutorial 09 - meshes using dxut helper classes.res
c:\users\jkellaway\desktop\coursework\soft351\flying thing\debug\tutorial.d3d11100.tlog\cl.command.1.tlog
c:\users\jkellaway\desktop\coursework\soft351\flying thing\debug\tutorial.d3d11100.tlog\cl.read.1.tlog
c:\users\jkellaway\desktop\coursework\soft351\flying thing\debug\tutorial.d3d11100.tlog\cl.write.1.tlog
c:\users\jkellaway\desktop\coursework\soft351\flying thing\debug\tutorial.d3d11100.tlog\link.command.1.tlog
c:\users\jkellaway\desktop\coursework\soft351\flying thing\debug\tutorial.d3d11100.tlog\link.read.1.tlog
c:\users\jkellaway\desktop\coursework\soft351\flying thing\debug\tutorial.d3d11100.tlog\link.write.1.tlog
c:\users\jkellaway\desktop\coursework\soft351\flying thing\debug\tutorial.d3d11100.tlog\rc.command.1.tlog
c:\users\jkellaway\desktop\coursework\soft351\flying thing\debug\tutorial.d3d11100.tlog\rc.read.1.tlog
c:\users\jkellaway\desktop\coursework\soft351\flying thing\debug\tutorial.d3d11100.tlog\rc.write.1.tlog
