c:\users\jkell\desktop\soft351\obj loader\debug\vc141.pdb
c:\users\jkell\desktop\soft351\obj loader\debug\vc141.idb
c:\users\jkell\desktop\soft351\obj loader\debug\start of obj loader.obj
c:\users\jkell\desktop\soft351\obj loader\debug\start of ojb loader.exe
c:\users\jkell\desktop\soft351\obj loader\debug\start of ojb loader.ilk
c:\users\jkell\desktop\soft351\obj loader\debug\start of ojb loader.pdb
c:\users\jkell\desktop\soft351\obj loader\debug\tutorial07 - textures and constant buffers.res
c:\users\jkellaway\desktop\soft351\obj loader\debug\start of obj loader.obj
c:\users\jkellaway\desktop\soft351\obj loader\debug\start of ojb loader.ilk
c:\users\jkellaway\desktop\soft351\obj loader\debug\tutorial07 - textures and constant buffers.res
c:\users\jkellaway\desktop\soft351\obj loader\debug\vc141.idb
c:\users\jkellaway\desktop\soft351\obj loader\debug\start of ojb loader.pdb
c:\users\jkellaway\desktop\soft351\obj loader\debug\vc141.pdb
c:\users\jkellaway\desktop\soft351\obj loader\debug\start of ojb loader.exe
c:\users\jkellaway\desktop\soft351\obj loader\debug\start of.d29c6982.tlog\cl.command.1.tlog
c:\users\jkellaway\desktop\soft351\obj loader\debug\start of.d29c6982.tlog\cl.read.1.tlog
c:\users\jkellaway\desktop\soft351\obj loader\debug\start of.d29c6982.tlog\cl.write.1.tlog
c:\users\jkellaway\desktop\soft351\obj loader\debug\start of.d29c6982.tlog\link.command.1.tlog
c:\users\jkellaway\desktop\soft351\obj loader\debug\start of.d29c6982.tlog\link.read.1.tlog
c:\users\jkellaway\desktop\soft351\obj loader\debug\start of.d29c6982.tlog\link.write.1.tlog
c:\users\jkellaway\desktop\soft351\obj loader\debug\start of.d29c6982.tlog\rc.command.1.tlog
c:\users\jkellaway\desktop\soft351\obj loader\debug\start of.d29c6982.tlog\rc.read.1.tlog
c:\users\jkellaway\desktop\soft351\obj loader\debug\start of.d29c6982.tlog\rc.write.1.tlog
