  Start of OBJ Loader.cpp
c:\program files (x86)\microsoft directx sdk (june 2010)\include\dxgitype.h(12): warning C4005: 'DXGI_STATUS_OCCLUDED': macro redefinition
  c:\program files (x86)\windows kits\10\include\10.0.16299.0\shared\winerror.h(53655): note: see previous definition of 'DXGI_STATUS_OCCLUDED'
c:\program files (x86)\microsoft directx sdk (june 2010)\include\dxgitype.h(13): warning C4005: 'DXGI_STATUS_CLIPPED': macro redefinition
  c:\program files (x86)\windows kits\10\include\10.0.16299.0\shared\winerror.h(53664): note: see previous definition of 'DXGI_STATUS_CLIPPED'
c:\program files (x86)\microsoft directx sdk (june 2010)\include\dxgitype.h(14): warning C4005: 'DXGI_STATUS_NO_REDIRECTION': macro redefinition
  c:\program files (x86)\windows kits\10\include\10.0.16299.0\shared\winerror.h(53673): note: see previous definition of 'DXGI_STATUS_NO_REDIRECTION'
c:\program files (x86)\microsoft directx sdk (june 2010)\include\dxgitype.h(15): warning C4005: 'DXGI_STATUS_NO_DESKTOP_ACCESS': macro redefinition
  c:\program files (x86)\windows kits\10\include\10.0.16299.0\shared\winerror.h(53682): note: see previous definition of 'DXGI_STATUS_NO_DESKTOP_ACCESS'
c:\program files (x86)\microsoft directx sdk (june 2010)\include\dxgitype.h(16): warning C4005: 'DXGI_STATUS_GRAPHICS_VIDPN_SOURCE_IN_USE': macro redefinition
  c:\program files (x86)\windows kits\10\include\10.0.16299.0\shared\winerror.h(53691): note: see previous definition of 'DXGI_STATUS_GRAPHICS_VIDPN_SOURCE_IN_USE'
c:\program files (x86)\microsoft directx sdk (june 2010)\include\dxgitype.h(17): warning C4005: 'DXGI_STATUS_MODE_CHANGED': macro redefinition
  c:\program files (x86)\windows kits\10\include\10.0.16299.0\shared\winerror.h(53700): note: see previous definition of 'DXGI_STATUS_MODE_CHANGED'
c:\program files (x86)\microsoft directx sdk (june 2010)\include\dxgitype.h(18): warning C4005: 'DXGI_STATUS_MODE_CHANGE_IN_PROGRESS': macro redefinition
  c:\program files (x86)\windows kits\10\include\10.0.16299.0\shared\winerror.h(53709): note: see previous definition of 'DXGI_STATUS_MODE_CHANGE_IN_PROGRESS'
c:\program files (x86)\microsoft directx sdk (june 2010)\include\dxgitype.h(21): warning C4005: 'DXGI_ERROR_INVALID_CALL': macro redefinition
  c:\program files (x86)\windows kits\10\include\10.0.16299.0\shared\winerror.h(53724): note: see previous definition of 'DXGI_ERROR_INVALID_CALL'
c:\program files (x86)\microsoft directx sdk (june 2010)\include\dxgitype.h(22): warning C4005: 'DXGI_ERROR_NOT_FOUND': macro redefinition
  c:\program files (x86)\windows kits\10\include\10.0.16299.0\shared\winerror.h(53733): note: see previous definition of 'DXGI_ERROR_NOT_FOUND'
c:\program files (x86)\microsoft directx sdk (june 2010)\include\dxgitype.h(23): warning C4005: 'DXGI_ERROR_MORE_DATA': macro redefinition
  c:\program files (x86)\windows kits\10\include\10.0.16299.0\shared\winerror.h(53742): note: see previous definition of 'DXGI_ERROR_MORE_DATA'
c:\program files (x86)\microsoft directx sdk (june 2010)\include\dxgitype.h(24): warning C4005: 'DXGI_ERROR_UNSUPPORTED': macro redefinition
  c:\program files (x86)\windows kits\10\include\10.0.16299.0\shared\winerror.h(53751): note: see previous definition of 'DXGI_ERROR_UNSUPPORTED'
c:\program files (x86)\microsoft directx sdk (june 2010)\include\dxgitype.h(25): warning C4005: 'DXGI_ERROR_DEVICE_REMOVED': macro redefinition
  c:\program files (x86)\windows kits\10\include\10.0.16299.0\shared\winerror.h(53760): note: see previous definition of 'DXGI_ERROR_DEVICE_REMOVED'
c:\program files (x86)\microsoft directx sdk (june 2010)\include\dxgitype.h(26): warning C4005: 'DXGI_ERROR_DEVICE_HUNG': macro redefinition
  c:\program files (x86)\windows kits\10\include\10.0.16299.0\shared\winerror.h(53769): note: see previous definition of 'DXGI_ERROR_DEVICE_HUNG'
c:\program files (x86)\microsoft directx sdk (june 2010)\include\dxgitype.h(27): warning C4005: 'DXGI_ERROR_DEVICE_RESET': macro redefinition
  c:\program files (x86)\windows kits\10\include\10.0.16299.0\shared\winerror.h(53779): note: see previous definition of 'DXGI_ERROR_DEVICE_RESET'
c:\program files (x86)\microsoft directx sdk (june 2010)\include\dxgitype.h(28): warning C4005: 'DXGI_ERROR_WAS_STILL_DRAWING': macro redefinition
  c:\program files (x86)\windows kits\10\include\10.0.16299.0\shared\winerror.h(53788): note: see previous definition of 'DXGI_ERROR_WAS_STILL_DRAWING'
c:\program files (x86)\microsoft directx sdk (june 2010)\include\dxgitype.h(29): warning C4005: 'DXGI_ERROR_FRAME_STATISTICS_DISJOINT': macro redefinition
  c:\program files (x86)\windows kits\10\include\10.0.16299.0\shared\winerror.h(53798): note: see previous definition of 'DXGI_ERROR_FRAME_STATISTICS_DISJOINT'
c:\program files (x86)\microsoft directx sdk (june 2010)\include\dxgitype.h(30): warning C4005: 'DXGI_ERROR_GRAPHICS_VIDPN_SOURCE_IN_USE': macro redefinition
  c:\program files (x86)\windows kits\10\include\10.0.16299.0\shared\winerror.h(53807): note: see previous definition of 'DXGI_ERROR_GRAPHICS_VIDPN_SOURCE_IN_USE'
c:\program files (x86)\microsoft directx sdk (june 2010)\include\dxgitype.h(31): warning C4005: 'DXGI_ERROR_DRIVER_INTERNAL_ERROR': macro redefinition
  c:\program files (x86)\windows kits\10\include\10.0.16299.0\shared\winerror.h(53817): note: see previous definition of 'DXGI_ERROR_DRIVER_INTERNAL_ERROR'
c:\program files (x86)\microsoft directx sdk (june 2010)\include\dxgitype.h(32): warning C4005: 'DXGI_ERROR_NONEXCLUSIVE': macro redefinition
  c:\program files (x86)\windows kits\10\include\10.0.16299.0\shared\winerror.h(53826): note: see previous definition of 'DXGI_ERROR_NONEXCLUSIVE'
c:\program files (x86)\microsoft directx sdk (june 2010)\include\dxgitype.h(33): warning C4005: 'DXGI_ERROR_NOT_CURRENTLY_AVAILABLE': macro redefinition
  c:\program files (x86)\windows kits\10\include\10.0.16299.0\shared\winerror.h(53835): note: see previous definition of 'DXGI_ERROR_NOT_CURRENTLY_AVAILABLE'
c:\program files (x86)\microsoft directx sdk (june 2010)\include\dxgitype.h(34): warning C4005: 'DXGI_ERROR_REMOTE_CLIENT_DISCONNECTED': macro redefinition
  c:\program files (x86)\windows kits\10\include\10.0.16299.0\shared\winerror.h(53845): note: see previous definition of 'DXGI_ERROR_REMOTE_CLIENT_DISCONNECTED'
c:\program files (x86)\microsoft directx sdk (june 2010)\include\dxgitype.h(35): warning C4005: 'DXGI_ERROR_REMOTE_OUTOFMEMORY': macro redefinition
  c:\program files (x86)\windows kits\10\include\10.0.16299.0\shared\winerror.h(53854): note: see previous definition of 'DXGI_ERROR_REMOTE_OUTOFMEMORY'
c:\program files (x86)\microsoft directx sdk (june 2010)\include\d3d11.h(917): warning C4005: 'D3D11_ERROR_TOO_MANY_UNIQUE_STATE_OBJECTS': macro redefinition
  c:\program files (x86)\windows kits\10\include\10.0.16299.0\shared\winerror.h(54118): note: see previous definition of 'D3D11_ERROR_TOO_MANY_UNIQUE_STATE_OBJECTS'
c:\program files (x86)\microsoft directx sdk (june 2010)\include\d3d11.h(918): warning C4005: 'D3D11_ERROR_FILE_NOT_FOUND': macro redefinition
  c:\program files (x86)\windows kits\10\include\10.0.16299.0\shared\winerror.h(54127): note: see previous definition of 'D3D11_ERROR_FILE_NOT_FOUND'
c:\program files (x86)\microsoft directx sdk (june 2010)\include\d3d11.h(919): warning C4005: 'D3D11_ERROR_TOO_MANY_UNIQUE_VIEW_OBJECTS': macro redefinition
  c:\program files (x86)\windows kits\10\include\10.0.16299.0\shared\winerror.h(54137): note: see previous definition of 'D3D11_ERROR_TOO_MANY_UNIQUE_VIEW_OBJECTS'
c:\program files (x86)\microsoft directx sdk (june 2010)\include\d3d11.h(920): warning C4005: 'D3D11_ERROR_DEFERRED_CONTEXT_MAP_WITHOUT_INITIAL_DISCARD': macro redefinition
  c:\program files (x86)\windows kits\10\include\10.0.16299.0\shared\winerror.h(54146): note: see previous definition of 'D3D11_ERROR_DEFERRED_CONTEXT_MAP_WITHOUT_INITIAL_DISCARD'
c:\program files (x86)\microsoft directx sdk (june 2010)\include\d3d10.h(608): warning C4005: 'D3D10_ERROR_TOO_MANY_UNIQUE_STATE_OBJECTS': macro redefinition
  c:\program files (x86)\windows kits\10\include\10.0.16299.0\shared\winerror.h(54094): note: see previous definition of 'D3D10_ERROR_TOO_MANY_UNIQUE_STATE_OBJECTS'
c:\program files (x86)\microsoft directx sdk (june 2010)\include\d3d10.h(609): warning C4005: 'D3D10_ERROR_FILE_NOT_FOUND': macro redefinition
  c:\program files (x86)\windows kits\10\include\10.0.16299.0\shared\winerror.h(54103): note: see previous definition of 'D3D10_ERROR_FILE_NOT_FOUND'
c:\program files (x86)\microsoft directx sdk (june 2010)\include\xnamath.h(2662): warning C4838: conversion from 'unsigned int' to 'INT' requires a narrowing conversion
c:\program files (x86)\microsoft directx sdk (june 2010)\include\xnamath.h(2663): warning C4838: conversion from 'unsigned int' to 'INT' requires a narrowing conversion
c:\program files (x86)\microsoft directx sdk (june 2010)\include\xnamath.h(2664): warning C4838: conversion from 'unsigned int' to 'INT' requires a narrowing conversion
c:\program files (x86)\microsoft directx sdk (june 2010)\include\xnamath.h(2665): warning C4838: conversion from 'unsigned int' to 'INT' requires a narrowing conversion
c:\program files (x86)\microsoft directx sdk (june 2010)\include\xnamath.h(2666): warning C4838: conversion from 'unsigned int' to 'INT' requires a narrowing conversion
c:\program files (x86)\microsoft directx sdk (june 2010)\include\xnamath.h(2667): warning C4838: conversion from 'unsigned int' to 'INT' requires a narrowing conversion
c:\program files (x86)\microsoft directx sdk (june 2010)\include\xnamath.h(2668): warning C4838: conversion from 'unsigned int' to 'INT' requires a narrowing conversion
c:\program files (x86)\microsoft directx sdk (june 2010)\include\xnamath.h(2689): warning C4838: conversion from 'unsigned int' to 'INT' requires a narrowing conversion
c:\program files (x86)\microsoft directx sdk (june 2010)\include\xnamath.h(2690): warning C4838: conversion from 'unsigned int' to 'INT' requires a narrowing conversion
c:\program files (x86)\microsoft directx sdk (june 2010)\include\xnamath.h(2691): warning C4838: conversion from 'unsigned int' to 'INT' requires a narrowing conversion
c:\program files (x86)\microsoft directx sdk (june 2010)\include\xnamath.h(2694): warning C4838: conversion from 'unsigned int' to 'INT' requires a narrowing conversion
c:\program files (x86)\microsoft directx sdk (june 2010)\include\xnamath.h(2695): warning C4838: conversion from 'unsigned int' to 'INT' requires a narrowing conversion
c:\program files (x86)\microsoft directx sdk (june 2010)\include\xnamath.h(2698): warning C4838: conversion from 'unsigned int' to 'INT' requires a narrowing conversion
c:\program files (x86)\microsoft directx sdk (june 2010)\include\xnamath.h(2702): warning C4838: conversion from 'unsigned int' to 'INT' requires a narrowing conversion
c:\program files (x86)\microsoft directx sdk (june 2010)\include\xnamath.h(2712): warning C4838: conversion from 'unsigned int' to 'INT' requires a narrowing conversion
c:\program files (x86)\microsoft directx sdk (june 2010)\include\xnamath.h(2713): warning C4838: conversion from 'unsigned int' to 'INT' requires a narrowing conversion
c:\program files (x86)\microsoft directx sdk (june 2010)\include\xnamath.h(2715): warning C4838: conversion from 'unsigned int' to 'INT' requires a narrowing conversion
c:\program files (x86)\microsoft directx sdk (june 2010)\include\xnamath.h(2716): warning C4838: conversion from 'unsigned int' to 'INT' requires a narrowing conversion
c:\program files (x86)\microsoft directx sdk (june 2010)\include\xnamath.h(2717): warning C4838: conversion from 'unsigned int' to 'INT' requires a narrowing conversion
c:\program files (x86)\microsoft directx sdk (june 2010)\include\xnamath.h(2727): warning C4838: conversion from 'unsigned int' to 'INT' requires a narrowing conversion
c:\program files (x86)\microsoft directx sdk (june 2010)\include\xnamath.h(2728): warning C4838: conversion from 'unsigned int' to 'INT' requires a narrowing conversion
c:\program files (x86)\microsoft directx sdk (june 2010)\include\xnamath.h(2729): warning C4838: conversion from 'unsigned int' to 'INT' requires a narrowing conversion
c:\program files (x86)\microsoft directx sdk (june 2010)\include\xnamath.h(2730): warning C4838: conversion from 'unsigned int' to 'INT' requires a narrowing conversion
c:\program files (x86)\microsoft directx sdk (june 2010)\include\xnamath.h(2731): warning C4838: conversion from 'unsigned int' to 'INT' requires a narrowing conversion
c:\program files (x86)\microsoft directx sdk (june 2010)\include\xnamath.h(2732): warning C4838: conversion from 'unsigned int' to 'INT' requires a narrowing conversion
c:\program files (x86)\microsoft directx sdk (june 2010)\include\xnamath.h(2742): warning C4838: conversion from 'unsigned int' to 'INT' requires a narrowing conversion
c:\program files (x86)\microsoft directx sdk (june 2010)\include\xnamath.h(2743): warning C4838: conversion from 'unsigned int' to 'INT' requires a narrowing conversion
c:\program files (x86)\microsoft directx sdk (june 2010)\include\xnamath.h(2754): warning C4838: conversion from 'unsigned int' to 'INT' requires a narrowing conversion
c:\program files (x86)\microsoft directx sdk (june 2010)\include\xnamathconvert.inl(2254): warning C4838: conversion from 'unsigned int' to 'INT' requires a narrowing conversion
c:\program files (x86)\microsoft directx sdk (june 2010)\include\xnamathconvert.inl(4523): warning C4838: conversion from 'unsigned int' to 'INT' requires a narrowing conversion
c:\program files (x86)\microsoft directx sdk (june 2010)\include\xnamathconvert.inl(4577): warning C4838: conversion from 'unsigned int' to 'INT' requires a narrowing conversion
c:\program files (x86)\microsoft directx sdk (june 2010)\include\xnamathconvert.inl(4639): warning C4838: conversion from 'unsigned int' to 'INT' requires a narrowing conversion
c:\program files (x86)\microsoft directx sdk (june 2010)\include\xnamathconvert.inl(4707): warning C4838: conversion from 'unsigned int' to 'INT' requires a narrowing conversion
c:\program files (x86)\microsoft directx sdk (june 2010)\include\xnamathconvert.inl(4770): warning C4838: conversion from 'unsigned int' to 'INT' requires a narrowing conversion
c:\program files (x86)\microsoft directx sdk (june 2010)\include\xnamathconvert.inl(4832): warning C4838: conversion from 'unsigned int' to 'INT' requires a narrowing conversion
c:\program files (x86)\microsoft directx sdk (june 2010)\include\xnamathvector.inl(1269): warning C4838: conversion from 'unsigned int' to 'INT' requires a narrowing conversion
c:\program files (x86)\microsoft directx sdk (june 2010)\include\xnamathmisc.inl(518): warning C4838: conversion from 'unsigned int' to 'INT' requires a narrowing conversion
c:\program files (x86)\microsoft directx sdk (june 2010)\include\xnamathmisc.inl(519): warning C4838: conversion from 'unsigned int' to 'INT' requires a narrowing conversion
c:\users\jkell\desktop\soft351\obj loader\start of obj loader.cpp(898): warning C4996: 'wcscpy': This function or variable may be unsafe. Consider using wcscpy_s instead. To disable deprecation, use _CRT_SECURE_NO_WARNINGS. See online help for details.
  c:\program files (x86)\windows kits\10\include\10.0.16299.0\ucrt\corecrt_wstring.h(127): note: see declaration of 'wcscpy'
c:\users\jkell\desktop\soft351\obj loader\start of obj loader.cpp(932): warning C4456: declaration of 'face' hides previous local declaration
  c:\users\jkell\desktop\soft351\obj loader\start of obj loader.cpp(893): note: see declaration of 'face'
c:\users\jkell\desktop\soft351\obj loader\start of obj loader.cpp(940): warning C4244: 'argument': conversion from 'UINT' to 'USHORT', possible loss of data
c:\users\jkell\desktop\soft351\obj loader\start of obj loader.cpp(941): warning C4244: 'argument': conversion from 'UINT' to 'USHORT', possible loss of data
c:\users\jkell\desktop\soft351\obj loader\start of obj loader.cpp(942): warning C4244: 'argument': conversion from 'UINT' to 'USHORT', possible loss of data
c:\users\jkell\desktop\soft351\obj loader\start of obj loader.cpp(989): warning C4244: '=': conversion from 'int' to 'USHORT', possible loss of data
c:\users\jkell\desktop\soft351\obj loader\start of obj loader.cpp(908): warning C4996: 'swscanf': This function or variable may be unsafe. Consider using swscanf_s instead. To disable deprecation, use _CRT_SECURE_NO_WARNINGS. See online help for details.
  c:\program files (x86)\windows kits\10\include\10.0.16299.0\ucrt\corecrt_wstdio.h(2039): note: see declaration of 'swscanf'
c:\users\jkell\desktop\soft351\obj loader\start of obj loader.cpp(914): warning C4996: 'swscanf': This function or variable may be unsafe. Consider using swscanf_s instead. To disable deprecation, use _CRT_SECURE_NO_WARNINGS. See online help for details.
  c:\program files (x86)\windows kits\10\include\10.0.16299.0\ucrt\corecrt_wstdio.h(2039): note: see declaration of 'swscanf'
c:\users\jkell\desktop\soft351\obj loader\start of obj loader.cpp(920): warning C4996: 'swscanf': This function or variable may be unsafe. Consider using swscanf_s instead. To disable deprecation, use _CRT_SECURE_NO_WARNINGS. See online help for details.
  c:\program files (x86)\windows kits\10\include\10.0.16299.0\ucrt\corecrt_wstdio.h(2039): note: see declaration of 'swscanf'
c:\users\jkell\desktop\soft351\obj loader\start of obj loader.cpp(935): warning C4996: 'swscanf': This function or variable may be unsafe. Consider using swscanf_s instead. To disable deprecation, use _CRT_SECURE_NO_WARNINGS. See online help for details.
  c:\program files (x86)\windows kits\10\include\10.0.16299.0\ucrt\corecrt_wstdio.h(2039): note: see declaration of 'swscanf'
c:\users\jkell\desktop\soft351\obj loader\start of obj loader.cpp(885): warning C4189: 'isOpen': local variable is initialized but not referenced
  Tutorial07 - Textures and Constant buffers_2010.vcxproj -> C:\Users\jkell\Desktop\SOFT351\OBJ Loader\Debug\Start of OJB Loader.exe
